<?xml version="1.0" encoding="UTF-8"?>
<!-- Generated by org.testng.reporters.JUnitXMLReporter -->
<testsuite hostname="DESKTOP-HE4QSM0" name="RegressionTest" tests="4" failures="0" timestamp="12 Feb 2017 07:19:03 GMT" time="99.926" errors="0">
  <testcase name="testHomePage" time="0.061" classname="testCases.VerifyHomePage"/>
  <testcase name="testLoginPage" time="8.984" classname="testCases.VerifyLoginPage"/>
  <testcase name="testLoginPage" time="9.757" classname="testCases.VerifyLoginPageWithReports1"/>
  <testcase name="testLoginPage" time="8.822" classname="testCases.VerifyLoginPageWithReports"/>
</testsuite> <!-- RegressionTest -->
