<?xml version="1.0" encoding="UTF-8"?>
<testng-results skipped="0" failed="0" total="1" passed="1">
  <reporter-output>
  </reporter-output>
  <suite name="Default suite" duration-ms="30201" started-at="2017-02-12T07:08:04Z" finished-at="2017-02-12T07:08:34Z">
    <groups>
    </groups>
    <test name="Default test" duration-ms="30201" started-at="2017-02-12T07:08:04Z" finished-at="2017-02-12T07:08:34Z">
      <class name="testCases.VerifyLoginPageWithReports1">
        <test-method status="PASS" signature="setUp()[pri:0, instance:testCases.VerifyLoginPageWithReports1@11df416]" name="setUp" is-config="true" duration-ms="20043" started-at="2017-02-12T12:38:04Z" finished-at="2017-02-12T12:38:24Z">
          <reporter-output>
          </reporter-output>
        </test-method> <!-- setUp -->
        <test-method status="PASS" signature="testLoginPage()[pri:0, instance:testCases.VerifyLoginPageWithReports1@11df416]" name="testLoginPage" duration-ms="9001" started-at="2017-02-12T12:38:24Z" finished-at="2017-02-12T12:38:33Z">
          <reporter-output>
          </reporter-output>
        </test-method> <!-- testLoginPage -->
        <test-method status="PASS" signature="tearDown(org.testng.ITestResult)[pri:0, instance:testCases.VerifyLoginPageWithReports1@11df416]" name="tearDown" is-config="true" duration-ms="1129" started-at="2017-02-12T12:38:33Z" finished-at="2017-02-12T12:38:34Z">
          <params>
            <param index="0">
              <value>
                <![CDATA[[TestResult name=testLoginPage status=SUCCESS method=VerifyLoginPageWithReports1.testLoginPage()[pri:0, instance:testCases.VerifyLoginPageWithReports1@11df416] output={null}]]]>
              </value>
            </param>
          </params>
          <reporter-output>
          </reporter-output>
        </test-method> <!-- tearDown -->
      </class> <!-- testCases.VerifyLoginPageWithReports1 -->
    </test> <!-- Default test -->
  </suite> <!-- Default suite -->
</testng-results>
